0 info it worked if it ends with ok
1 verbose cli [ '/usr/local/bin/node', '/usr/local/bin/npm', 'install' ]
2 info using npm@1.4.28
3 info using node@v0.10.33
4 warn package.json starter-node-angular@ No repository field.
5 verbose readDependencies using package.json deps
6 verbose install where, deps [ '/home/thunder/WebstormProjects/starter-node-angular-master',
6 verbose install   [ 'express',
6 verbose install     'socket.io',
6 verbose install     'mongodb',
6 verbose install     'mongoose',
6 verbose install     'body-parser',
6 verbose install     'method-override' ] ]
7 info preinstall starter-node-angular@
8 verbose readDependencies using package.json deps
9 verbose already installed skipping socket.io@1.2.1 /home/thunder/WebstormProjects/starter-node-angular-master
10 verbose cache add [ 'mongodb@>= 1.3.19', null ]
11 verbose cache add name=undefined spec="mongodb@>= 1.3.19" args=["mongodb@>= 1.3.19",null]
12 verbose parsed url { protocol: null,
12 verbose parsed url   slashes: null,
12 verbose parsed url   auth: null,
12 verbose parsed url   host: null,
12 verbose parsed url   port: null,
12 verbose parsed url   hostname: null,
12 verbose parsed url   hash: null,
12 verbose parsed url   search: null,
12 verbose parsed url   query: null,
12 verbose parsed url   pathname: 'mongodb@%3E=%201.3.19',
12 verbose parsed url   path: 'mongodb@%3E=%201.3.19',
12 verbose parsed url   href: 'mongodb@%3E=%201.3.19' }
13 verbose already installed skipping mongoose@~3.8.0 /home/thunder/WebstormProjects/starter-node-angular-master
14 verbose already installed skipping body-parser@~1.4.2 /home/thunder/WebstormProjects/starter-node-angular-master
15 verbose already installed skipping method-override@~2.0.2 /home/thunder/WebstormProjects/starter-node-angular-master
16 verbose already installed skipping express@~4.5.1 /home/thunder/WebstormProjects/starter-node-angular-master
17 verbose cache add name="mongodb" spec=">= 1.3.19" args=["mongodb",">= 1.3.19"]
18 verbose parsed url { protocol: null,
18 verbose parsed url   slashes: null,
18 verbose parsed url   auth: null,
18 verbose parsed url   host: null,
18 verbose parsed url   port: null,
18 verbose parsed url   hostname: null,
18 verbose parsed url   hash: null,
18 verbose parsed url   search: null,
18 verbose parsed url   query: null,
18 verbose parsed url   pathname: '%3E=%201.3.19',
18 verbose parsed url   path: '%3E=%201.3.19',
18 verbose parsed url   href: '%3E=%201.3.19' }
19 verbose addNamed [ 'mongodb', '>= 1.3.19' ]
20 verbose addNamed [ null, '>=1.3.19' ]
21 silly lockFile 70a67b2f-mongodb-1-3-19 mongodb@>= 1.3.19
22 verbose lock mongodb@>= 1.3.19 /home/thunder/.npm/70a67b2f-mongodb-1-3-19.lock
23 silly addNameRange { name: 'mongodb', range: '>=1.3.19', hasData: false }
24 verbose request where is /mongodb
25 verbose request registry https://registry.npmjs.org/
26 verbose request id 4827d6cef2ea7aa7
27 verbose url raw /mongodb
28 verbose url resolving [ 'https://registry.npmjs.org/', './mongodb' ]
29 verbose url resolved https://registry.npmjs.org/mongodb
30 verbose request where is https://registry.npmjs.org/mongodb
31 info trying registry request attempt 1 at 23:26:54
32 verbose etag "CRH39SC1LSNZYAE3YTLYYP1NI"
33 http GET https://registry.npmjs.org/mongodb
34 http 200 https://registry.npmjs.org/mongodb
35 silly registry.get cb [ 200,
35 silly registry.get   { date: 'Fri, 09 Jan 2015 15:26:55 GMT',
35 silly registry.get     server: 'CouchDB/1.5.0 (Erlang OTP/R16B03)',
35 silly registry.get     etag: '"9ZBVH9LML4484RL20H57TRUCV"',
35 silly registry.get     'content-type': 'application/json',
35 silly registry.get     'cache-control': 'max-age=60',
35 silly registry.get     'content-length': '405829',
35 silly registry.get     'accept-ranges': 'bytes',
35 silly registry.get     via: '1.1 varnish',
35 silly registry.get     age: '0',
35 silly registry.get     'x-served-by': 'cache-hk93-HKG',
35 silly registry.get     'x-cache': 'HIT',
35 silly registry.get     'x-cache-hits': '1',
35 silly registry.get     'x-timer': 'S1420817214.718140,VS0,VE955',
35 silly registry.get     vary: 'Accept',
35 silly registry.get     'keep-alive': 'timeout=10, max=50',
35 silly registry.get     connection: 'Keep-Alive' } ]
36 silly addNameRange number 2 { name: 'mongodb', range: '>=1.3.19', hasData: true }
37 silly addNameRange versions [ 'mongodb',
37 silly addNameRange   [ '0.9.4',
37 silly addNameRange     '0.9.4-4',
37 silly addNameRange     '0.9.3',
37 silly addNameRange     '0.9.1',
37 silly addNameRange     '0.9.2',
37 silly addNameRange     '0.9.6-7',
37 silly addNameRange     '0.9.6-8',
37 silly addNameRange     '0.9.6-9',
37 silly addNameRange     '0.9.6-10',
37 silly addNameRange     '0.9.6-11',
37 silly addNameRange     '0.9.6-12',
37 silly addNameRange     '0.9.6-13',
37 silly addNameRange     '0.9.6-14',
37 silly addNameRange     '0.9.6-15',
37 silly addNameRange     '0.9.6-16',
37 silly addNameRange     '0.9.6-17',
37 silly addNameRange     '0.9.6-18',
37 silly addNameRange     '0.9.6-19',
37 silly addNameRange     '0.9.6-20',
37 silly addNameRange     '0.9.6-21',
37 silly addNameRange     '0.9.6-22',
37 silly addNameRange     '0.9.6-23',
37 silly addNameRange     '0.9.7',
37 silly addNameRange     '0.9.7-0',
37 silly addNameRange     '0.9.7-1',
37 silly addNameRange     '0.9.7-1.1',
37 silly addNameRange     '0.9.7-1.2',
37 silly addNameRange     '0.9.7-1.3',
37 silly addNameRange     '0.9.7-1.4',
37 silly addNameRange     '0.9.7-2',
37 silly addNameRange     '0.9.7-2-1',
37 silly addNameRange     '0.9.7-2-2',
37 silly addNameRange     '0.9.7-2-3',
37 silly addNameRange     '0.9.7-2-4',
37 silly addNameRange     '0.9.7-2-5',
37 silly addNameRange     '0.9.7-3',
37 silly addNameRange     '0.9.7-3-1',
37 silly addNameRange     '0.9.7-3-2',
37 silly addNameRange     '0.9.7-3-3',
37 silly addNameRange     '0.9.7-3-4',
37 silly addNameRange     '0.9.7-3-5',
37 silly addNameRange     '0.9.8',
37 silly addNameRange     '0.9.8-1',
37 silly addNameRange     '0.9.8-2',
37 silly addNameRange     '0.9.8-3',
37 silly addNameRange     '0.9.8-4',
37 silly addNameRange     '0.9.8-5',
37 silly addNameRange     '0.9.8-6',
37 silly addNameRange     '0.9.8-7',
37 silly addNameRange     '0.9.9',
37 silly addNameRange     '0.9.9-1',
37 silly addNameRange     '0.9.9-2',
37 silly addNameRange     '0.9.9-3',
37 silly addNameRange     '0.9.9-4',
37 silly addNameRange     '0.9.9-5',
37 silly addNameRange     '0.9.9-6',
37 silly addNameRange     '0.9.9-7',
37 silly addNameRange     '0.9.9-8',
37 silly addNameRange     '1.0.0',
37 silly addNameRange     '1.0.1',
37 silly addNameRange     '1.0.2',
37 silly addNameRange     '1.1.0-beta',
37 silly addNameRange     '1.1.0',
37 silly addNameRange     '1.1.1',
37 silly addNameRange     '1.1.2',
37 silly addNameRange     '1.1.3',
37 silly addNameRange     '1.1.4',
37 silly addNameRange     '1.1.5',
37 silly addNameRange     '1.1.6',
37 silly addNameRange     '1.1.7',
37 silly addNameRange     '1.1.8',
37 silly addNameRange     '1.1.9',
37 silly addNameRange     '1.1.10',
37 silly addNameRange     '1.1.11',
37 silly addNameRange     '1.2.0',
37 silly addNameRange     '1.2.1',
37 silly addNameRange     '1.2.2',
37 silly addNameRange     '1.2.3',
37 silly addNameRange     '1.2.4',
37 silly addNameRange     '1.2.5',
37 silly addNameRange     '1.2.6',
37 silly addNameRange     '1.2.7',
37 silly addNameRange     '1.2.8',
37 silly addNameRange     '1.2.9',
37 silly addNameRange     '1.2.10',
37 silly addNameRange     '1.2.11',
37 silly addNameRange     '1.2.12',
37 silly addNameRange     '1.2.13',
37 silly addNameRange     '1.2.14',
37 silly addNameRange     '1.3.0',
37 silly addNameRange     '1.3.1',
37 silly addNameRange     '1.3.2',
37 silly addNameRange     '1.3.3',
37 silly addNameRange     '1.3.4',
37 silly addNameRange     '1.3.5',
37 silly addNameRange     '1.3.6',
37 silly addNameRange     '1.3.7',
37 silly addNameRange     '1.3.8',
37 silly addNameRange     '1.3.9',
37 silly addNameRange     '1.3.10',
37 silly addNameRange     '1.3.11',
37 silly addNameRange     '1.3.12',
37 silly addNameRange     '1.3.14',
37 silly addNameRange     '1.3.15',
37 silly addNameRange     '1.3.17',
37 silly addNameRange     '1.3.18',
37 silly addNameRange     '1.3.19',
37 silly addNameRange     '1.4.0-rc2',
37 silly addNameRange     '1.3.20',
37 silly addNameRange     '1.4.0-rc3',
37 silly addNameRange     '1.3.21',
37 silly addNameRange     '1.3.22',
37 silly addNameRange     '1.3.23',
37 silly addNameRange     '1.4.0-rc4',
37 silly addNameRange     '1.4.0-rc5',
37 silly addNameRange     '1.4.0-rc6',
37 silly addNameRange     '1.4.0-rc7',
37 silly addNameRange     '1.4.0-rc8',
37 silly addNameRange     '1.4.0-rc9',
37 silly addNameRange     '1.4.0-rc10',
37 silly addNameRange     '1.4.0',
37 silly addNameRange     '1.4.1',
37 silly addNameRange     '1.4.2',
37 silly addNameRange     '1.4.3',
37 silly addNameRange     '1.4.4',
37 silly addNameRange     '1.4.5',
37 silly addNameRange     '1.4.6',
37 silly addNameRange     '1.4.7',
37 silly addNameRange     '1.4.8',
37 silly addNameRange     '1.4.9',
37 silly addNameRange     '1.4.10',
37 silly addNameRange     '2.0.0-alpha1',
37 silly addNameRange     '1.4.11',
37 silly addNameRange     '1.4.12',
37 silly addNameRange     '1.4.14',
37 silly addNameRange     '1.4.15',
37 silly addNameRange     '1.4.16',
37 silly addNameRange     '1.4.17',
37 silly addNameRange     '2.0.0-alpha2',
37 silly addNameRange     '1.4.18',
37 silly addNameRange     '2.0.0',
37 silly addNameRange     '2.0.1',
37 silly addNameRange     '2.0.2',
37 silly addNameRange     '1.4.19',
37 silly addNameRange     '2.0.3',
37 silly addNameRange     '2.0.4',
37 silly addNameRange     '2.0.5',
37 silly addNameRange     '2.0.6',
37 silly addNameRange     '1.4.20',
37 silly addNameRange     '1.4.22',
37 silly addNameRange     '2.0.7',
37 silly addNameRange     '2.0.8',
37 silly addNameRange     '2.0.9',
37 silly addNameRange     '1.4.23',
37 silly addNameRange     '2.0.10',
37 silly addNameRange     '1.4.24',
37 silly addNameRange     '2.0.11',
37 silly addNameRange     '1.4.25',
37 silly addNameRange     '2.0.12',
37 silly addNameRange     '1.4.26',
37 silly addNameRange     '1.4.27',
37 silly addNameRange     '1.4.28',
37 silly addNameRange     '2.0.13' ] ]
38 verbose addNamed [ 'mongodb', '1.4.28' ]
39 verbose addNamed [ '1.4.28', '1.4.28' ]
40 silly lockFile 75809de0-mongodb-1-4-28 mongodb@1.4.28
41 verbose lock mongodb@1.4.28 /home/thunder/.npm/75809de0-mongodb-1-4-28.lock
42 silly lockFile 0c5f99c9-s-org-mongodb-mongodb-1-4-28-tgz https://registry.npmjs.org/mongodb/-/mongodb-1.4.28.tgz
43 verbose lock https://registry.npmjs.org/mongodb/-/mongodb-1.4.28.tgz /home/thunder/.npm/0c5f99c9-s-org-mongodb-mongodb-1-4-28-tgz.lock
44 verbose addRemoteTarball [ 'https://registry.npmjs.org/mongodb/-/mongodb-1.4.28.tgz',
44 verbose addRemoteTarball   '4308333aa9b369cc8214a67602527d138bf74e1f' ]
45 info retry fetch attempt 1 at 23:27:00
46 verbose fetch to= /tmp/npm-6582-c9YsJWr3/registry.npmjs.org/mongodb/-/mongodb-1.4.28.tgz
47 http GET https://registry.npmjs.org/mongodb/-/mongodb-1.4.28.tgz
48 http 200 https://registry.npmjs.org/mongodb/-/mongodb-1.4.28.tgz
49 silly lockFile 0c5f99c9-s-org-mongodb-mongodb-1-4-28-tgz https://registry.npmjs.org/mongodb/-/mongodb-1.4.28.tgz
50 silly lockFile 0c5f99c9-s-org-mongodb-mongodb-1-4-28-tgz https://registry.npmjs.org/mongodb/-/mongodb-1.4.28.tgz
51 silly lockFile 75809de0-mongodb-1-4-28 mongodb@1.4.28
52 silly lockFile 75809de0-mongodb-1-4-28 mongodb@1.4.28
53 silly lockFile 70a67b2f-mongodb-1-3-19 mongodb@>= 1.3.19
54 silly lockFile 70a67b2f-mongodb-1-3-19 mongodb@>= 1.3.19
55 error Error: EACCES, mkdir '/home/thunder/.npm/mongodb/1.4.28'
55 error  { [Error: EACCES, mkdir '/home/thunder/.npm/mongodb/1.4.28']
55 error   errno: 3,
55 error   code: 'EACCES',
55 error   path: '/home/thunder/.npm/mongodb/1.4.28',
55 error   parent: 'starter-node-angular' }
56 error Please try running this command again as root/Administrator.
57 error System Linux 3.16.0-28-generic
58 error command "/usr/local/bin/node" "/usr/local/bin/npm" "install"
59 error cwd /home/thunder/WebstormProjects/starter-node-angular-master
60 error node -v v0.10.33
61 error npm -v 1.4.28
62 error path /home/thunder/.npm/mongodb/1.4.28
63 error code EACCES
64 error errno 3
65 error stack Error: EACCES, mkdir '/home/thunder/.npm/mongodb/1.4.28'
66 verbose exit [ 3, true ]
